<?xml version="1.0" encoding="UTF-8"?>
<!-- Generated by org.testng.reporters.JUnitReportReporter -->
<testsuite hostname="UT-LTP-619" failures="0" tests="1" name="com.test.APIAutomation.OneDat.RunnerClasses.AddBookRunner" time="2.465" errors="0" timestamp="10 May 2021 10:20:53 GMT" skipped="0">
  <testcase classname="com.test.APIAutomation.OneDat.RunnerClasses.AddBookRunner" name="runScenario" time="2.465"/>
</testsuite> <!-- com.test.APIAutomation.OneDat.RunnerClasses.AddBookRunner -->
