<?xml version="1.0" encoding="UTF-8"?>
<!-- Generated by org.testng.reporters.JUnitReportReporter -->
<testsuite hostname="UT-LTP-619" failures="0" tests="3" name="com.test.UIAutomation.OneDat.RunnerClass.TestRunner" time="26.013" errors="0" timestamp="27 May 2021 14:54:40 GMT" skipped="0">
  <testcase classname="com.test.UIAutomation.OneDat.RunnerClass.TestRunner" name="runScenario" time="12.868"/>
  <testcase classname="com.test.UIAutomation.OneDat.RunnerClass.TestRunner" name="runScenario" time="6.127"/>
  <testcase classname="com.test.UIAutomation.OneDat.RunnerClass.TestRunner" name="runScenario" time="7.018"/>
</testsuite> <!-- com.test.UIAutomation.OneDat.RunnerClass.TestRunner -->
