<?xml version="1.0" encoding="UTF-8"?>
<!-- Generated by org.testng.reporters.JUnitReportReporter -->
<testsuite hostname="UT-LTP-624" failures="0" tests="4" name="com.test.APIAutomation.OneDat.RunnerClasses.AddMultipleBooks" time="6.267" errors="0" timestamp="07 May 2021 05:01:22 GMT" skipped="0">
  <testcase classname="com.test.APIAutomation.OneDat.RunnerClasses.AddMultipleBooks" name="runScenario" time="0.787"/>
  <testcase classname="com.test.APIAutomation.OneDat.RunnerClasses.AddMultipleBooks" name="runScenario" time="0.784"/>
  <testcase classname="com.test.APIAutomation.OneDat.RunnerClasses.AddMultipleBooks" name="runScenario" time="3.995"/>
  <testcase classname="com.test.APIAutomation.OneDat.RunnerClasses.AddMultipleBooks" name="runScenario" time="0.701"/>
</testsuite> <!-- com.test.APIAutomation.OneDat.RunnerClasses.AddMultipleBooks -->
