<?xml version="1.0" encoding="UTF-8"?>
<!-- Generated by org.testng.reporters.JUnitReportReporter -->
<testsuite hostname="UT-LTP-624" failures="0" tests="4" name="com.test.APIAutomation.OneDat.RunnerClasses.TestRunner" time="6.469" errors="0" timestamp="13 May 2021 09:28:10 GMT" skipped="0">
  <testcase classname="com.test.APIAutomation.OneDat.RunnerClasses.TestRunner" name="runScenario" time="0.754"/>
  <testcase classname="com.test.APIAutomation.OneDat.RunnerClasses.TestRunner" name="runScenario" time="0.757"/>
  <testcase classname="com.test.APIAutomation.OneDat.RunnerClasses.TestRunner" name="runScenario" time="4.092"/>
  <testcase classname="com.test.APIAutomation.OneDat.RunnerClasses.TestRunner" name="runScenario" time="0.866"/>
</testsuite> <!-- com.test.APIAutomation.OneDat.RunnerClasses.TestRunner -->
