<?xml version="1.0" encoding="UTF-8"?>
<!-- Generated by org.testng.reporters.JUnitReportReporter -->
<testsuite hostname="UT-LTP-624" failures="0" tests="2" name="com.test.APIAutomation.OneDat.RunnerClasses.AddBookRunner" time="2.954" errors="0" timestamp="06 May 2021 09:40:57 GMT" skipped="0">
  <testcase classname="com.test.APIAutomation.OneDat.RunnerClasses.AddBookRunner" name="runScenario" time="2.639"/>
  <testcase classname="com.test.APIAutomation.OneDat.RunnerClasses.AddBookRunner" name="runScenario" time="0.315"/>
</testsuite> <!-- com.test.APIAutomation.OneDat.RunnerClasses.AddBookRunner -->
