<?xml version="1.0" encoding="UTF-8"?>
<!-- Generated by org.testng.reporters.JUnitReportReporter -->
<testsuite hostname="UT-LTP-619" failures="2" tests="2" name="com.test.APIAutomation.OneDat.RunnerClasses.TestRunner" time="2.458" errors="0" timestamp="10 May 2021 11:25:08 GMT" skipped="0">
  <testcase classname="com.test.APIAutomation.OneDat.RunnerClasses.TestRunner" name="runScenario" time="0.463">
    <failure message="expected [200] but found [404]" type="java.lang.AssertionError">
      <![CDATA[java.lang.AssertionError: expected [200] but found [404]
at org.testng.Assert.fail(Assert.java:96)
at org.testng.Assert.failNotEquals(Assert.java:776)
at org.testng.Assert.assertEqualsImpl(Assert.java:137)
at org.testng.Assert.assertEquals(Assert.java:118)
at org.testng.Assert.assertEquals(Assert.java:652)
at org.testng.Assert.assertEquals(Assert.java:662)
at com.test.APIAutomation.OneDat.StepDefinitions.StepDefinition.the_api_call_is_success_with_status_code(StepDefinition.java:52)
at ✽.the Api call is success with status code 200(file:///E:/localrepo/src/test/java/com/test/APIAutomation/OneDat/FeatureFiles/bookValidation.feature:12)
]]>
    </failure>
  </testcase> <!-- runScenario -->
  <testcase classname="com.test.APIAutomation.OneDat.RunnerClasses.TestRunner" name="runScenario" time="1.995">
    <failure message="expected [200] but found [404]" type="java.lang.AssertionError">
      <![CDATA[java.lang.AssertionError: expected [200] but found [404]
at org.testng.Assert.fail(Assert.java:96)
at org.testng.Assert.failNotEquals(Assert.java:776)
at org.testng.Assert.assertEqualsImpl(Assert.java:137)
at org.testng.Assert.assertEquals(Assert.java:118)
at org.testng.Assert.assertEquals(Assert.java:652)
at org.testng.Assert.assertEquals(Assert.java:662)
at com.test.APIAutomation.OneDat.StepDefinitions.StepDefinition.the_api_call_is_success_with_status_code(StepDefinition.java:52)
at ✽.the Api call is success with status code 200(file:///E:/localrepo/src/test/java/com/test/APIAutomation/OneDat/FeatureFiles/bookValidation.feature:6)
]]>
    </failure>
  </testcase> <!-- runScenario -->
</testsuite> <!-- com.test.APIAutomation.OneDat.RunnerClasses.TestRunner -->
