<?xml version="1.0" encoding="UTF-8"?>
<!-- Generated by org.testng.reporters.JUnitReportReporter -->
<testsuite hostname="UT-LTP-624" failures="0" tests="2" name="com.test.APIAutomation.OneDat.RunnerClasses.AddPlaceRunner" time="3.219" errors="0" timestamp="06 May 2021 09:43:06 GMT" skipped="0">
  <testcase classname="com.test.APIAutomation.OneDat.RunnerClasses.AddPlaceRunner" name="runScenario" time="0.436"/>
  <testcase classname="com.test.APIAutomation.OneDat.RunnerClasses.AddPlaceRunner" name="runScenario" time="2.783"/>
</testsuite> <!-- com.test.APIAutomation.OneDat.RunnerClasses.AddPlaceRunner -->
