<?xml version="1.0" encoding="UTF-8"?>
<!-- Generated by org.testng.reporters.JUnitReportReporter -->
<testsuite hostname="UT-LTP-624" failures="0" tests="1" name="com.test.UIAutomation.OneDat.TestCases.OneDat_tc" time="12.933" errors="0" timestamp="24 May 2021 09:56:14 GMT" skipped="0">
  <testcase classname="com.test.UIAutomation.OneDat.TestCases.OneDat_tc" name="getStringFunction" time="12.933"/>
</testsuite> <!-- com.test.UIAutomation.OneDat.TestCases.OneDat_tc -->
