<?xml version="1.0" encoding="UTF-8"?>
<!-- Generated by org.testng.reporters.JUnitReportReporter -->
<testsuite hostname="UT-LTP-619" failures="0" tests="9" name="com.test.APIAutomation.OneDat.RunnerClass.TestRunner" time="19.628" errors="0" timestamp="27 May 2021 14:53:37 GMT" skipped="0">
  <testcase classname="com.test.APIAutomation.OneDat.RunnerClass.TestRunner" name="runScenario" time="14.246"/>
  <testcase classname="com.test.APIAutomation.OneDat.RunnerClass.TestRunner" name="runScenario" time="0.946"/>
  <testcase classname="com.test.APIAutomation.OneDat.RunnerClass.TestRunner" name="runScenario" time="0.458"/>
  <testcase classname="com.test.APIAutomation.OneDat.RunnerClass.TestRunner" name="runScenario" time="0.361"/>
  <testcase classname="com.test.APIAutomation.OneDat.RunnerClass.TestRunner" name="runScenario" time="0.388"/>
  <testcase classname="com.test.APIAutomation.OneDat.RunnerClass.TestRunner" name="runScenario" time="0.180"/>
  <testcase classname="com.test.APIAutomation.OneDat.RunnerClass.TestRunner" name="runScenario" time="2.451"/>
  <testcase classname="com.test.APIAutomation.OneDat.RunnerClass.TestRunner" name="runScenario" time="0.327"/>
  <testcase classname="com.test.APIAutomation.OneDat.RunnerClass.TestRunner" name="runScenario" time="0.271"/>
</testsuite> <!-- com.test.APIAutomation.OneDat.RunnerClass.TestRunner -->
