<?xml version="1.0" encoding="UTF-8"?>
<!-- Generated by org.testng.reporters.JUnitReportReporter -->
<testsuite hostname="UT-LTP-619" failures="0" tests="2" name="com.test.APIAutomation.OneDat.RunnerClasses.TestRunner" time="2.357" errors="0" timestamp="11 May 2021 06:21:50 GMT" skipped="0">
  <testcase classname="com.test.APIAutomation.OneDat.RunnerClasses.TestRunner" name="runScenario" time="2.177"/>
  <testcase classname="com.test.APIAutomation.OneDat.RunnerClasses.TestRunner" name="runScenario" time="0.180"/>
</testsuite> <!-- com.test.APIAutomation.OneDat.RunnerClasses.TestRunner -->
