<?xml version="1.0" encoding="UTF-8"?>
<!-- Generated by org.testng.reporters.JUnitReportReporter -->
<testsuite hostname="UT-LTP-619" failures="0" tests="3" name="com.test.UIAutomation.OneDat.RunnerClass.TestRunner" time="40.355" errors="0" timestamp="27 May 2021 14:40:33 GMT" skipped="0">
  <testcase classname="com.test.UIAutomation.OneDat.RunnerClass.TestRunner" name="runScenario" time="10.778"/>
  <testcase classname="com.test.UIAutomation.OneDat.RunnerClass.TestRunner" name="runScenario" time="12.857"/>
  <testcase classname="com.test.UIAutomation.OneDat.RunnerClass.TestRunner" name="runScenario" time="16.720"/>
</testsuite> <!-- com.test.UIAutomation.OneDat.RunnerClass.TestRunner -->
