<?xml version="1.0" encoding="UTF-8"?>
<!-- Generated by org.testng.reporters.JUnitReportReporter -->
<testsuite hostname="UT-LTP-619" failures="0" tests="9" name="com.test.APIAutomation.OneDat.RunnerClass.TestRunner" time="19.893" errors="0" timestamp="27 May 2021 14:28:24 GMT" skipped="0">
  <testcase classname="com.test.APIAutomation.OneDat.RunnerClass.TestRunner" name="runScenario" time="14.478"/>
  <testcase classname="com.test.APIAutomation.OneDat.RunnerClass.TestRunner" name="runScenario" time="0.952"/>
  <testcase classname="com.test.APIAutomation.OneDat.RunnerClass.TestRunner" name="runScenario" time="0.408"/>
  <testcase classname="com.test.APIAutomation.OneDat.RunnerClass.TestRunner" name="runScenario" time="0.355"/>
  <testcase classname="com.test.APIAutomation.OneDat.RunnerClass.TestRunner" name="runScenario" time="0.336"/>
  <testcase classname="com.test.APIAutomation.OneDat.RunnerClass.TestRunner" name="runScenario" time="0.175"/>
  <testcase classname="com.test.APIAutomation.OneDat.RunnerClass.TestRunner" name="runScenario" time="2.572"/>
  <testcase classname="com.test.APIAutomation.OneDat.RunnerClass.TestRunner" name="runScenario" time="0.342"/>
  <testcase classname="com.test.APIAutomation.OneDat.RunnerClass.TestRunner" name="runScenario" time="0.275"/>
</testsuite> <!-- com.test.APIAutomation.OneDat.RunnerClass.TestRunner -->
